2013-09-11 19:42:52.388 MyTest[83084:c07] Multi-tasking -> Device: YES, App: YES
2013-09-11 19:42:52.673 MyTest[83084:c07] Resetting plugins due to page load.
2013-09-11 19:42:52.801 MyTest[83084:c07] Finished load of: file:///Users/matthewsilverstein/Library/Application%20Support/iPhone%20Simulator/6.1/Applications/E900E1B1-F725-4EEA-A7B1-348E9FE04EDE/MyTest.app/www/index.html
Terminating in response to SpringBoard's termination.
2013-09-11 19:58:36.441 MyTest[83844:c07] Multi-tasking -> Device: YES, App: YES
2013-09-11 19:58:36.504 MyTest[83844:c07] Resetting plugins due to page load.
2013-09-11 19:58:36.639 MyTest[83844:c07] ERROR: Plugin 'Device' not found, or is not a CDVPlugin. Check your plugin mapping in config.xml.
2013-09-11 19:58:36.640 MyTest[83844:c07] -[CDVCommandQueue executePending] [Line 116] FAILED pluginJSON = [
  "Device1645025691",
  "Device",
  "getDeviceInfo",
  [

  ]
]
2013-09-11 19:58:36.641 MyTest[83844:c07] ERROR: Plugin 'NetworkStatus' not found, or is not a CDVPlugin. Check your plugin mapping in config.xml.
2013-09-11 19:58:36.641 MyTest[83844:c07] -[CDVCommandQueue executePending] [Line 116] FAILED pluginJSON = [
  "NetworkStatus1645025692",
  "NetworkStatus",
  "getConnectionInfo",
  [

  ]
]
2013-09-11 19:58:36.807 MyTest[83844:c07] Finished load of: file:///Users/matthewsilverstein/Library/Application%20Support/iPhone%20Simulator/6.1/Applications/E900E1B1-F725-4EEA-A7B1-348E9FE04EDE/MyTest.app/www/index.html#/
2013-09-11 19:58:44.454 MyTest[83844:2703] ERROR whitelist rejection: url='http://api.ihackernews.com/page?uid=1378954724448'
2013-09-11 19:58:44.455 MyTest[83844:2703] ERROR whitelist rejection: url='http://api.ihackernews.com/page?uid=1378954724448'
2013-09-11 19:58:44.455 MyTest[83844:2703] ERROR whitelist rejection: url='http://api.ihackernews.com/page?uid=1378954724448'
2013-09-11 19:58:53.280 MyTest[83844:2703] ERROR whitelist rejection: url='http://api.ihackernews.com/page?uid=1378954733279'
2013-09-11 19:58:53.280 MyTest[83844:2703] ERROR whitelist rejection: url='http://api.ihackernews.com/page?uid=1378954733279'
2013-09-11 19:58:53.281 MyTest[83844:2703] ERROR whitelist rejection: url='http://api.ihackernews.com/page?uid=1378954733279'
2013-09-11 19:58:59.697 MyTest[83844:c07] ERROR: Plugin 'Notification' not found, or is not a CDVPlugin. Check your plugin mapping in config.xml.
2013-09-11 19:58:59.697 MyTest[83844:c07] -[CDVCommandQueue executePending] [Line 116] FAILED pluginJSON = [
  "Notification1645025693",
  "Notification",
  "alert",
  [
    "Sample Alert",
    "My Alert",
    "Close"
  ]
]
2013-09-11 19:59:01.069 MyTest[83844:c07] ERROR: Plugin 'Media' not found, or is not a CDVPlugin. Check your plugin mapping in config.xml.
2013-09-11 19:59:01.070 MyTest[83844:c07] -[CDVCommandQueue executePending] [Line 116] FAILED pluginJSON = [
  "INVALID",
  "Media",
  "create",
  [
    "a57a2cc6-45e5-631a-b9b4-d5e04fa6c151",
    "beep.wav"
  ]
]
2013-09-11 19:59:01.070 MyTest[83844:c07] ERROR: Plugin 'Media' not found, or is not a CDVPlugin. Check your plugin mapping in config.xml.
2013-09-11 19:59:01.071 MyTest[83844:c07] -[CDVCommandQueue executePending] [Line 116] FAILED pluginJSON = [
  "INVALID",
  "Media",
  "startPlayingAudio",
  [
    "a57a2cc6-45e5-631a-b9b4-d5e04fa6c151",
    "beep.wav",
    null
  ]
]
2013-09-11 19:59:02.155 MyTest[83844:c07] ERROR: Plugin 'Notification' not found, or is not a CDVPlugin. Check your plugin mapping in config.xml.
2013-09-11 19:59:02.156 MyTest[83844:c07] -[CDVCommandQueue executePending] [Line 116] FAILED pluginJSON = [
  "Notification1645025694",
  "Notification",
  "confirm",
  [
    "My Confirmation",
    "Are you sure?",
    [
      "Ok",
      "Cancel"
    ]
  ]
]
2013-09-11 19:59:02.995 MyTest[83844:c07] ERROR: Plugin 'Notification' not found, or is not a CDVPlugin. Check your plugin mapping in config.xml.
2013-09-11 19:59:02.996 MyTest[83844:c07] -[CDVCommandQueue executePending] [Line 116] FAILED pluginJSON = [
  "INVALID",
  "Notification",
  "vibrate",
  [
    3000
  ]
]
2013-09-11 19:59:09.338 MyTest[83844:c07] ERROR: Plugin 'Geolocation' not found, or is not a CDVPlugin. Check your plugin mapping in config.xml.
2013-09-11 19:59:09.339 MyTest[83844:c07] -[CDVCommandQueue executePending] [Line 116] FAILED pluginJSON = [
  "Geolocation1645025695",
  "Geolocation",
  "getLocation",
  [
    false,
    0
  ]
]
2013-09-11 19:59:41.033 MyTest[83844:c07] ERROR: Plugin 'Accelerometer' not found, or is not a CDVPlugin. Check your plugin mapping in config.xml.
2013-09-11 19:59:41.033 MyTest[83844:c07] -[CDVCommandQueue executePending] [Line 116] FAILED pluginJSON = [
  "Accelerometer1645025696",
  "Accelerometer",
  "start",
  [

  ]
]
2013-09-11 19:59:53.716 MyTest[83844:c07] ERROR: Plugin 'Camera' not found, or is not a CDVPlugin. Check your plugin mapping in config.xml.
2013-09-11 19:59:53.716 MyTest[83844:c07] -[CDVCommandQueue executePending] [Line 116] FAILED pluginJSON = [
  "Camera1645025697",
  "Camera",
  "takePicture",
  [
    50,
    0,
    1,
    -1,
    -1,
    0,
    0,
    false,
    false,
    false,
    null,
    0
  ]
]
2013-09-11 20:00:22.801 MyTest[83844:c07] ERROR whitelist rejection: url='http://api.ihackernews.com/page?uid=1378954822801'
2013-09-11 20:00:22.802 MyTest[83844:c07] ERROR whitelist rejection: url='http://api.ihackernews.com/page?uid=1378954822801'
2013-09-11 20:00:22.803 MyTest[83844:c07] ERROR whitelist rejection: url='http://api.ihackernews.com/page?uid=1378954822801'
2013-09-11 20:01:36.274 MyTest[83844:c07] ERROR: Plugin 'Geolocation' not found, or is not a CDVPlugin. Check your plugin mapping in config.xml.
2013-09-11 20:01:36.274 MyTest[83844:c07] -[CDVCommandQueue executePending] [Line 116] FAILED pluginJSON = [
  "Geolocation1645025698",
  "Geolocation",
  "getLocation",
  [
    false,
    0
  ]
]
2013-09-11 20:01:51.163 MyTest[84283:c07] Multi-tasking -> Device: YES, App: YES
2013-09-11 20:01:51.223 MyTest[84283:c07] Resetting plugins due to page load.
2013-09-11 20:01:51.326 MyTest[84283:c07] ERROR: Plugin 'Device' not found, or is not a CDVPlugin. Check your plugin mapping in config.xml.
2013-09-11 20:01:51.326 MyTest[84283:c07] -[CDVCommandQueue executePending] [Line 116] FAILED pluginJSON = [
  "Device1012186816",
  "Device",
  "getDeviceInfo",
  [

  ]
]
2013-09-11 20:01:51.327 MyTest[84283:c07] ERROR: Plugin 'NetworkStatus' not found, or is not a CDVPlugin. Check your plugin mapping in config.xml.
2013-09-11 20:01:51.327 MyTest[84283:c07] -[CDVCommandQueue executePending] [Line 116] FAILED pluginJSON = [
  "NetworkStatus1012186817",
  "NetworkStatus",
  "getConnectionInfo",
  [

  ]
]
2013-09-11 20:01:51.426 MyTest[84283:c07] Finished load of: file:///Users/matthewsilverstein/Library/Application%20Support/iPhone%20Simulator/6.1/Applications/E900E1B1-F725-4EEA-A7B1-348E9FE04EDE/MyTest.app/www/index.html#/
2013-09-11 20:02:33.501 MyTest[84283:c07] ERROR: Plugin 'Notification' not found, or is not a CDVPlugin. Check your plugin mapping in config.xml.
2013-09-11 20:02:33.502 MyTest[84283:c07] -[CDVCommandQueue executePending] [Line 116] FAILED pluginJSON = [
  "Notification1012186818",
  "Notification",
  "alert",
  [
    "Sample Alert",
    "My Alert",
    "Close"
  ]
]
2013-09-11 20:02:33.732 MyTest[84283:c07] ERROR: Plugin 'Notification' not found, or is not a CDVPlugin. Check your plugin mapping in config.xml.
2013-09-11 20:02:33.733 MyTest[84283:c07] -[CDVCommandQueue executePending] [Line 116] FAILED pluginJSON = [
  "Notification1012186819",
  "Notification",
  "alert",
  [
    "Sample Alert",
    "My Alert",
    "Close"
  ]
]
Terminating in response to SpringBoard's termination.
2013-09-11 20:26:32.230 MyTest[85244:c07] Multi-tasking -> Device: YES, App: YES
2013-09-11 20:26:32.293 MyTest[85244:c07] Resetting plugins due to page load.
2013-09-11 20:26:32.488 MyTest[85244:c07] Finished load of: file:///Users/matthewsilverstein/Library/Application%20Support/iPhone%20Simulator/6.1/Applications/E900E1B1-F725-4EEA-A7B1-348E9FE04EDE/MyTest.app/www/index.html#/
2013-09-11 20:26:49.109 MyTest[85244:2703] ERROR whitelist rejection: url='http://api.ihackernews.com/page?uid=1378956409104'
2013-09-11 20:26:49.110 MyTest[85244:2703] ERROR whitelist rejection: url='http://api.ihackernews.com/page?uid=1378956409104'
2013-09-11 20:26:49.110 MyTest[85244:2703] ERROR whitelist rejection: url='http://api.ihackernews.com/page?uid=1378956409104'
2013-09-11 20:34:09.693 MyTest[85244:c07] ERROR whitelist rejection: url='http://api.ihackernews.com/page?uid=1378956849692'
2013-09-11 20:34:09.693 MyTest[85244:c07] ERROR whitelist rejection: url='http://api.ihackernews.com/page?uid=1378956849692'
2013-09-11 20:34:09.694 MyTest[85244:c07] ERROR whitelist rejection: url='http://api.ihackernews.com/page?uid=1378956849692'
2013-09-11 20:34:14.306 MyTest[85244:c07] ERROR whitelist rejection: url='http://api.ihackernews.com/page?uid=1378956854305'
2013-09-11 20:34:14.306 MyTest[85244:c07] ERROR whitelist rejection: url='http://api.ihackernews.com/page?uid=1378956854305'
2013-09-11 20:34:14.307 MyTest[85244:c07] ERROR whitelist rejection: url='http://api.ihackernews.com/page?uid=1378956854305'
2013-09-11 20:34:34.942 MyTest[85244:c07] ERROR whitelist rejection: url='http://api.ihackernews.com/page?uid=1378956874942'
2013-09-11 20:34:34.943 MyTest[85244:c07] ERROR whitelist rejection: url='http://api.ihackernews.com/page?uid=1378956874942'
2013-09-11 20:34:34.943 MyTest[85244:c07] ERROR whitelist rejection: url='http://api.ihackernews.com/page?uid=1378956874942'
2013-09-11 20:34:49.336 MyTest[85244:c07] ERROR whitelist rejection: url='http://api.ihackernews.com/page?uid=1378956889335'
2013-09-11 20:34:49.336 MyTest[85244:c07] ERROR whitelist rejection: url='http://api.ihackernews.com/page?uid=1378956889335'
2013-09-11 20:34:49.336 MyTest[85244:c07] ERROR whitelist rejection: url='http://api.ihackernews.com/page?uid=1378956889335'
Terminating in response to SpringBoard's termination.
2013-09-11 21:20:07.346 MyTest[86778:c07] Multi-tasking -> Device: YES, App: YES
2013-09-11 21:20:07.668 MyTest[86778:c07] Resetting plugins due to page load.
2013-09-11 21:20:08.104 MyTest[86778:c07] Finished load of: file:///Users/matthewsilverstein/Library/Application%20Support/iPhone%20Simulator/6.1/Applications/E900E1B1-F725-4EEA-A7B1-348E9FE04EDE/MyTest.app/www/index.html#/
2013-09-11 21:21:25.433 MyTest[86778:2803] ERROR whitelist rejection: url='http://api.ihackernews.com/page?uid=1378959685426'
2013-09-11 21:21:25.433 MyTest[86778:2803] ERROR whitelist rejection: url='http://api.ihackernews.com/page?uid=1378959685426'
2013-09-11 21:21:25.434 MyTest[86778:2803] ERROR whitelist rejection: url='http://api.ihackernews.com/page?uid=1378959685426'
2013-09-11 21:21:28.981 MyTest[86778:c07] ERROR whitelist rejection: url='http://api.ihackernews.com/page?uid=1378959688980'
2013-09-11 21:21:28.981 MyTest[86778:c07] ERROR whitelist rejection: url='http://api.ihackernews.com/page?uid=1378959688980'
2013-09-11 21:21:28.982 MyTest[86778:c07] ERROR whitelist rejection: url='http://api.ihackernews.com/page?uid=1378959688980'
2013-09-11 21:21:48.741 MyTest[86778:c07] ERROR whitelist rejection: url='http://api.ihackernews.com/page?uid=1378959708741'
2013-09-11 21:21:48.742 MyTest[86778:c07] ERROR whitelist rejection: url='http://api.ihackernews.com/page?uid=1378959708741'
2013-09-11 21:21:48.743 MyTest[86778:c07] ERROR whitelist rejection: url='http://api.ihackernews.com/page?uid=1378959708741'
2013-09-11 21:21:52.553 MyTest[86778:c07] ERROR whitelist rejection: url='http://api.ihackernews.com/page?uid=1378959712552'
2013-09-11 21:21:52.554 MyTest[86778:c07] ERROR whitelist rejection: url='http://api.ihackernews.com/page?uid=1378959712552'
2013-09-11 21:21:52.555 MyTest[86778:c07] ERROR whitelist rejection: url='http://api.ihackernews.com/page?uid=1378959712552'
2013-09-11 21:28:15.311 MyTest[87329:c07] Multi-tasking -> Device: YES, App: YES
2013-09-11 21:28:15.372 MyTest[87329:c07] Resetting plugins due to page load.
2013-09-11 21:28:15.540 MyTest[87329:c07] Finished load of: file:///Users/matthewsilverstein/Library/Application%20Support/iPhone%20Simulator/6.1/Applications/E900E1B1-F725-4EEA-A7B1-348E9FE04EDE/MyTest.app/www/index.html#/
2013-09-11 21:28:36.739 MyTest[87329:2703] ERROR whitelist rejection: url='http://api.ihackernews.com/page?uid=1378960116734'
2013-09-11 21:28:36.740 MyTest[87329:2703] ERROR whitelist rejection: url='http://api.ihackernews.com/page?uid=1378960116734'
2013-09-11 21:28:36.740 MyTest[87329:2703] ERROR whitelist rejection: url='http://api.ihackernews.com/page?uid=1378960116734'
2013-09-11 21:29:25.528 MyTest[87740:c07] Multi-tasking -> Device: YES, App: YES
2013-09-11 21:29:25.585 MyTest[87740:c07] Resetting plugins due to page load.
2013-09-11 21:29:25.766 MyTest[87740:c07] Finished load of: file:///Users/matthewsilverstein/Library/Application%20Support/iPhone%20Simulator/6.1/Applications/E900E1B1-F725-4EEA-A7B1-348E9FE04EDE/MyTest.app/www/index.html#/
2013-09-11 21:29:33.511 MyTest[87740:2803] ERROR whitelist rejection: url='http://api.ihackernews.com/page?uid=1378960173505'
2013-09-11 21:29:33.511 MyTest[87740:2803] ERROR whitelist rejection: url='http://api.ihackernews.com/page?uid=1378960173505'
2013-09-11 21:29:33.512 MyTest[87740:2803] ERROR whitelist rejection: url='http://api.ihackernews.com/page?uid=1378960173505'
2013-09-11 21:30:00.973 MyTest[88150:c07] Multi-tasking -> Device: YES, App: YES
2013-09-11 21:30:01.036 MyTest[88150:c07] Resetting plugins due to page load.
2013-09-11 21:30:01.198 MyTest[88150:c07] Finished load of: file:///Users/matthewsilverstein/Library/Application%20Support/iPhone%20Simulator/6.1/Applications/E900E1B1-F725-4EEA-A7B1-348E9FE04EDE/MyTest.app/www/index.html#/
2013-09-11 21:40:09.171 MyTest[88824:c07] Multi-tasking -> Device: YES, App: YES
2013-09-11 21:40:09.234 MyTest[88824:c07] Resetting plugins due to page load.
2013-09-11 21:40:09.402 MyTest[88824:c07] Finished load of: file:///Users/matthewsilverstein/Library/Application%20Support/iPhone%20Simulator/6.1/Applications/E900E1B1-F725-4EEA-A7B1-348E9FE04EDE/MyTest.app/www/index.html#/
2013-09-11 21:40:11.351 MyTest[88824:2703] ERROR whitelist rejection: url='http://api.ihackernews.com/page?uid=1378960811346'
2013-09-11 21:40:11.352 MyTest[88824:2703] ERROR whitelist rejection: url='http://api.ihackernews.com/page?uid=1378960811346'
2013-09-11 21:40:11.353 MyTest[88824:2703] ERROR whitelist rejection: url='http://api.ihackernews.com/page?uid=1378960811346'
2013-09-11 21:41:12.574 MyTest[88824:c07] ERROR whitelist rejection: url='http://api.ihackernews.com/page?uid=1378960872574'
2013-09-11 21:41:12.575 MyTest[88824:c07] ERROR whitelist rejection: url='http://api.ihackernews.com/page?uid=1378960872574'
2013-09-11 21:41:12.576 MyTest[88824:c07] ERROR whitelist rejection: url='http://api.ihackernews.com/page?uid=1378960872574'
2013-09-12 08:51:08.380 MyTest[93448:c07] Multi-tasking -> Device: YES, App: YES
2013-09-12 08:51:08.742 MyTest[93448:c07] Resetting plugins due to page load.
2013-09-12 08:51:09.211 MyTest[93448:c07] Finished load of: file:///Users/matthewsilverstein/Library/Application%20Support/iPhone%20Simulator/6.1/Applications/E900E1B1-F725-4EEA-A7B1-348E9FE04EDE/MyTest.app/www/index.html#/
2013-09-12 11:02:11.271 MyTest[96528:c07] Multi-tasking -> Device: YES, App: YES
2013-09-12 11:02:11.319 MyTest[96528:c07] Resetting plugins due to page load.
2013-09-12 11:02:11.516 MyTest[96528:c07] Finished load of: file:///Users/matthewsilverstein/Library/Application%20Support/iPhone%20Simulator/6.1/Applications/E900E1B1-F725-4EEA-A7B1-348E9FE04EDE/MyTest.app/www/index.html#/
2013-09-12 11:02:43.483 MyTest[96528:2803] ERROR whitelist rejection: url='http://api.ihackernews.com/page?uid=1379008963459'
2013-09-12 11:02:43.484 MyTest[96528:2803] ERROR whitelist rejection: url='http://api.ihackernews.com/page?uid=1379008963459'
2013-09-12 11:02:43.486 MyTest[96528:2803] ERROR whitelist rejection: url='http://api.ihackernews.com/page?uid=1379008963459'
2013-09-12 11:24:44.384 MyTest[97516:c07] Multi-tasking -> Device: YES, App: YES
2013-09-12 11:24:44.418 MyTest[97516:c07] [CDVTimer][splashscreen] 20.020008ms
2013-09-12 11:24:44.419 MyTest[97516:c07] [CDVTimer][TotalPluginStartup] 20.572007ms
2013-09-12 11:24:44.448 MyTest[97516:c07] Resetting plugins due to page load.
2013-09-12 11:24:44.621 MyTest[97516:c07] Finished load of: file:///Users/matthewsilverstein/Library/Application%20Support/iPhone%20Simulator/6.1/Applications/E900E1B1-F725-4EEA-A7B1-348E9FE04EDE/MyTest.app/www/index.html#/
2013-09-12 11:24:50.679 MyTest[97516:2703] ERROR whitelist rejection: url='http://api.ihackernews.com/page?uid=1379010290674'
2013-09-12 11:24:50.680 MyTest[97516:2703] ERROR whitelist rejection: url='http://api.ihackernews.com/page?uid=1379010290674'
2013-09-12 11:24:50.680 MyTest[97516:2703] ERROR whitelist rejection: url='http://api.ihackernews.com/page?uid=1379010290674'
